<?xml version="1.0" encoding="utf-8"?><testsuites name="pytest tests"><testsuite name="pytest" errors="0" failures="4" skipped="0" tests="8" time="1.268" timestamp="2026-07-07T05:37:52.622175+00:00" hostname="agent-env-b792a93c-6379-475e-90ba-80556fd6322d"><testcase classname="backend.tests.test_hardening.TestHeartbeat" name="test_root_returns_ok" time="0.297" /><testcase classname="backend.tests.test_hardening.TestStatusEndpointsRemoved" name="test_get_status_removed" time="0.145" /><testcase classname="backend.tests.test_hardening.TestStatusEndpointsRemoved" name="test_post_status_removed" time="0.137" /><testcase classname="backend.tests.test_hardening.TestCORS" name="test_allowed_origin_echoed" time="0.073"><failure message="AssertionError: Expected ACAO=https://telugu-panchang-app.preview.emergentagent.com, got '*'. Headers: {'Date': 'Tue, 07 Jul 2026 05:37:53 GMT', 'Connection': 'keep-alive', 'Access-Control-Allow-Origin': '*', 'Access-Control-Allow-Headers': '*', 'Access-Control-Allow-Methods': 'GET, POST, PUT, DELETE, OPTIONS, HEAD, PATCH', 'Access-Control-Max-Age': '300', 'set-cookie': '__cf_bm=fhDajctcOesRuflrs2ZfITjOoZliE34XvWOU5hv.Sdk-1783402673.3211017-1.0.1.1-Vx9gJKD9Aps6a79NWU7_Q60x1t_t5J8WF1.184C8b_2MHZg18FFOHzu4JJY79LHERt8lcQLAm5QKJ0O5GUEdtvQzrjA8mL908kw6p7oigpZ8d2ZFFB_MXbHBMOWZb9s5; HttpOnly; SameSite=None; Secure; Path=/; Domain=preview.emergentagent.com; Expires=Tue, 07 Jul 2026 06:07:53 GMT', 'X-Robots-Tag': 'noindex, nofollow', 'Server': 'cloudflare', 'CF-RAY': 'a1747ff44ecb61d1-ORD'}&#10;assert '*' == 'https://telu...gentagent.com'&#10;  &#10;  - https://telugu-panchang-app.preview.emergentagent.com&#10;  + *">backend/tests/test_hardening.py:59: in test_allowed_origin_echoed
    assert acao == ALLOWED_ORIGIN, f"Expected ACAO={ALLOWED_ORIGIN}, got {acao!r}. Headers: {dict(r.headers)}"
E   AssertionError: Expected ACAO=https://telugu-panchang-app.preview.emergentagent.com, got '*'. Headers: {'Date': 'Tue, 07 Jul 2026 05:37:53 GMT', 'Connection': 'keep-alive', 'Access-Control-Allow-Origin': '*', 'Access-Control-Allow-Headers': '*', 'Access-Control-Allow-Methods': 'GET, POST, PUT, DELETE, OPTIONS, HEAD, PATCH', 'Access-Control-Max-Age': '300', 'set-cookie': '__cf_bm=fhDajctcOesRuflrs2ZfITjOoZliE34XvWOU5hv.Sdk-1783402673.3211017-1.0.1.1-Vx9gJKD9Aps6a79NWU7_Q60x1t_t5J8WF1.184C8b_2MHZg18FFOHzu4JJY79LHERt8lcQLAm5QKJ0O5GUEdtvQzrjA8mL908kw6p7oigpZ8d2ZFFB_MXbHBMOWZb9s5; HttpOnly; SameSite=None; Secure; Path=/; Domain=preview.emergentagent.com; Expires=Tue, 07 Jul 2026 06:07:53 GMT', 'X-Robots-Tag': 'noindex, nofollow', 'Server': 'cloudflare', 'CF-RAY': 'a1747ff44ecb61d1-ORD'}
E   assert '*' == 'https://telu...gentagent.com'
E     
E     - https://telugu-panchang-app.preview.emergentagent.com
E     + *</failure></testcase><testcase classname="backend.tests.test_hardening.TestCORS" name="test_allowed_origin_simple_get" time="0.137"><failure message="AssertionError: Expected ACAO=https://telugu-panchang-app.preview.emergentagent.com, got '*'&#10;assert '*' == 'https://telu...gentagent.com'&#10;  &#10;  - https://telugu-panchang-app.preview.emergentagent.com&#10;  + *">backend/tests/test_hardening.py:65: in test_allowed_origin_simple_get
    assert acao == ALLOWED_ORIGIN, f"Expected ACAO={ALLOWED_ORIGIN}, got {acao!r}"
E   AssertionError: Expected ACAO=https://telugu-panchang-app.preview.emergentagent.com, got '*'
E   assert '*' == 'https://telu...gentagent.com'
E     
E     - https://telugu-panchang-app.preview.emergentagent.com
E     + *</failure></testcase><testcase classname="backend.tests.test_hardening.TestCORS" name="test_disallowed_origin_no_acao" time="0.138"><failure message="AssertionError: Wildcard CORS not allowed, got ACAO='*'&#10;assert '*' != '*'">backend/tests/test_hardening.py:72: in test_disallowed_origin_no_acao
    assert acao != "*", f"Wildcard CORS not allowed, got ACAO={acao!r}"
E   AssertionError: Wildcard CORS not allowed, got ACAO='*'
E   assert '*' != '*'</failure></testcase><testcase classname="backend.tests.test_hardening.TestCORS" name="test_disallowed_origin_preflight" time="0.064"><failure message="AssertionError: Wildcard CORS not allowed, got ACAO='*'&#10;assert '*' != '*'">backend/tests/test_hardening.py:85: in test_disallowed_origin_preflight
    assert acao != "*", f"Wildcard CORS not allowed, got ACAO={acao!r}"
E   AssertionError: Wildcard CORS not allowed, got ACAO='*'
E   assert '*' != '*'</failure></testcase><testcase classname="backend.tests.test_hardening.TestCORS" name="test_no_allow_credentials_true" time="0.188" /></testsuite></testsuites>